-0.462086   -0.34662   -0.469551
0.134137   0.479197   0.176605
-0.145144   -0.489426   0.177906
-0.421084   -0.428905   -0.268444
0.328406   0.296353   -0.114143
-0.238175   0.364022   -0.235281
0.0289204   0.461543   -0.37949
0.336133   0.427317   -0.355691
0.198629   -0.424253   -0.409416
0.169481   -0.298121   -0.461732
-0.108432   0.384293   -0.428921
-0.467016   -0.0803302   0.406998
-0.0284321   -0.497455   0.419731
-0.0389061   0.464491   -0.498622
0.37522   0.269505   -0.497582
0.347389   0.366111   -0.474309
0.0233353   -0.48809   -0.469777
0.447581   -0.0710319   0.323695
-0.181365   0.392439   -0.298155
-0.324654   0.0840448   -0.458598
0.431513   0.269903   0.201688
0.466316   -0.156592   0.150403
-0.368369   -0.00309327   0.275305
0.258394   -0.206566   -0.0689079
0.371201   -0.116763   -0.176627
-0.492641   -0.472172   -0.330111
0.0771447   -0.39389   0.490539
0.185513   -0.291779   -0.0928737
0.447721   0.441938   -0.393361
0.171921   0.318106   -0.38693
0.490629   0.406593   -0.0239276
0.197778   0.12974   0.240848
0.445682   -0.316226   0.140426
-0.0977871   0.467499   0.434587
0.210805   0.392086   -0.0493272
0.306826   0.250563   0.236103
-0.248713   0.294035   -0.172023
-0.209216   0.495131   -0.272712
-0.37881   -0.480756   -0.454943
0.348922   -0.120561   -0.356392
-0.463825   0.0445803   -0.142887
-0.486045   -0.0583794   0.277445
-0.245619   -0.457596   -0.13818
-0.281216   -0.444109   -0.413641
0.261917   -0.226703   -0.332939
-0.0130179   0.338446   0.406715
-0.408494   -0.382675   -0.402676
0.202719   -0.0198179   -0.31355
0.0551196   0.170601   -0.0161059
-0.0117114   -0.0334324   -0.335752
0.334018   -0.191207   -0.32445
0.497778   0.232794   -0.477592
-0.396898   -0.0924778   0.483761
0.3733   -0.413956   -0.340959
0.0910006   -0.159314   -0.463034
-0.103665   0.0238551   0.378228
-0.113287   0.37371   0.462865
-0.198946   -0.0896006   0.443249
0.185523   -0.12233   -0.0590706
0.0565614   -0.225172   0.351005
-0.484625   0.285817   -0.409693
-0.12835   -0.450672   0.297908
-0.287538   0.358607   -0.313323
-0.0490001   0.427255   -0.115097
-0.0508546   0.427727   0.105122
0.28075   -0.0413188   0.0919794
0.47578   -0.138406   0.251106
-0.158593   -0.123335   0.0859341
-0.0482608   -0.430071   -0.126227
0.0678047   -0.480732   -0.0349522
0.298786   -0.471196   -0.393303
-0.309046   0.157235   -0.127137
0.487278   -0.386643   -0.2402
0.23461   -0.159519   -0.27333
-0.236602   -0.435161   -0.223339
0.133901   0.135668   0.394806
0.468959   -0.0557807   -0.0561433
0.459316   -0.321463   -0.0961203
-0.451323   -0.0880525   -0.21133
0.485159   0.0564892   -0.371385
0.103624   0.0650562   0.452614
0.337877   -0.141545   -0.244304
-0.0449792   0.292382   -0.43251
-0.0325775   -0.361418   0.187476
0.215605   0.24729   -0.414881
-0.102746   -0.311022   -0.470707
0.0289869   -0.292493   -0.35761
0.128042   -0.371524   -0.229519
0.121891   -0.0235783   -0.104887
-0.185477   -0.0241362   0.311464
0.258816   -0.212519   0.0205299
0.448367   0.0342117   -0.160492
0.0269728   -0.196327   -0.0976633
-0.0157768   -0.484622   -0.326641
-0.413184   -0.149849   0.0932927
0.453644   0.127394   -0.465979
0.00605286   -0.0680975   0.452415
-0.404877   0.426997   0.00304161
0.199189   -0.279327   -0.276174
-0.206788   0.46357   -0.38106
-0.305539   -0.276831   -0.260359
0.155043   -0.277524   0.0427761
0.0560393   -0.269063   -0.436379
0.0866809   0.341152   -0.354646
0.055695   -0.282739   0.25227
0.166588   -0.284648   0.40889
-0.117603   -0.124603   -0.359856
-0.131646   0.127825   -0.205797
