-0.494236   -0.480977   0.490922
-0.326749   -0.331583   0.494598
0.489147   -0.354489   -0.324398
-0.339909   0.489636   -0.327584
-0.158338   0.491561   0.491953
-0.0135315   -0.331487   -0.492713
-0.179397   -0.347727   -0.340154
-0.00270479   0.497255   -0.331213
0.144027   -0.481351   0.471543
0.351754   -0.338886   0.486794
0.180063   -0.328404   -0.329786
0.323276   -0.492681   -0.343504
-0.483553   -0.177804   0.49824
-0.324185   0.00452866   -0.480065
-0.49506   0.00310938   -0.324466
-0.325563   -0.178312   -0.338973
-0.170111   -0.156002   -0.48689
0.00264903   -0.0106813   -0.491916
-0.1583   0.00607449   -0.316074
-0.00916484   -0.169943   -0.329573
0.172547   -0.177492   -0.496961
0.346227   0.00275978   0.496229
0.180865   0.00170211   -0.325035
0.35389   -0.163782   -0.343209
-0.488387   0.16994   -0.486695
-0.328151   0.327675   0.491855
0.489413   0.33463   -0.339108
-0.334579   0.169646   -0.316251
-0.165906   0.168431   -0.495335
-0.00540642   0.330886   -0.494939
-0.164718   0.341102   -0.350656
-0.00581367   0.167602   -0.312357
0.171659   0.164211   -0.498699
0.337018   0.319551   0.483314
0.155369   0.340121   -0.341124
0.328088   0.158802   -0.338134
0.486966   0.495896   -0.180735
-0.340802   -0.333595   -0.175954
0.497371   -0.329704   -0.0271197
-0.342203   0.494474   0.0171574
-0.180862   0.4983   -0.163706
-0.0141056   -0.334977   -0.196304
-0.173395   -0.327652   -0.0134569
0.0014281   0.491684   -0.010652
0.167085   0.493912   -0.168373
0.328076   -0.325371   -0.165861
0.196019   -0.316678   0.00767563
0.31641   -0.499979   0.00498793
0.476096   -0.157788   -0.162742
-0.340646   -0.00125144   -0.165949
-0.483996   0.0117857   0.0141186
-0.33727   -0.164164   -0.00630749
-0.173304   -0.169588   -0.174835
0.00234227   -0.00460087   -0.155602
-0.181516   0.00601746   -0.0117152
0.00808259   -0.140089   -0.000767862
0.161229   -0.171063   -0.165327
0.317582   0.00495708   -0.157752
0.166441   0.00753053   0.0223105
0.345304   -0.13959   0.0130185
0.489233   0.162288   -0.179646
-0.34578   0.325641   -0.173653
0.479466   0.336436   0.0196972
-0.337059   0.159558   -0.0118137
-0.164819   0.174301   -0.17012
-0.0111611   0.341631   -0.177978
-0.168119   0.338011   0.00587406
-0.0109422   0.166657   0.0195799
0.14123   0.1623   -0.153491
0.321608   0.344608   -0.178325
0.158994   0.328647   0.00795703
0.319972   0.15948   0.00839795
0.499186   0.494098   0.183841
-0.315127   -0.341554   0.162116
-0.489454   -0.33173   0.325499
-0.325176   0.482518   0.316092
-0.145792   -0.49494   0.151277
0.0121348   -0.333131   0.130651
-0.153128   -0.330377   0.334328
-0.00289372   -0.491933   0.296959
0.173004   -0.492531   0.158681
0.369712   -0.329812   0.161855
0.180032   -0.324685   0.315459
0.337866   0.497912   0.329311
-0.48712   -0.142595   0.1731
-0.313601   -0.00536946   0.171833
-0.472347   -0.00248744   0.342711
-0.320602   -0.169533   0.322776
-0.155244   -0.164243   0.155217
0.0161675   0.0160267   0.188364
-0.164089   -0.0100036   0.343514
0.0107181   -0.181857   0.349989
0.168136   -0.158074   0.184924
0.338951   0.00307916   0.177766
0.151853   -0.01168   0.343136
0.356827   -0.168814   0.346952
0.487005   0.15994   0.191328
-0.341063   0.313292   0.142742
-0.486109   0.32437   0.342523
-0.323538   0.168089   0.340985
-0.158988   0.140999   0.165119
-0.00972958   0.329149   0.162114
-0.160407   0.331335   0.3398
-0.00695116   0.150903   0.368708
0.148109   0.174838   0.159612
0.317344   0.341672   0.174266
0.142806   0.33418   0.324752
0.294193   0.16736   0.319234
