0.494934   0.492773   -0.494241
-0.358133   -0.324386   0.494115
0.48699   -0.340669   -0.32214
-0.32334   -0.488102   -0.339926
-0.14416   -0.491969   0.490944
0.000662935   -0.309524   0.490884
-0.154116   -0.32778   -0.347229
0.000910854   0.490576   -0.325635
0.166254   0.475065   -0.47984
0.333829   -0.353226   -0.490504
0.148374   -0.329258   -0.340492
0.332541   0.494671   -0.321682
0.485084   -0.178568   0.495906
-0.3457   -0.00807591   0.497264
0.493824   0.00537369   -0.344183
-0.345943   -0.162212   -0.354511
-0.160611   -0.158004   0.476245
0.00221033   0.000499614   0.491761
-0.160306   -0.01038   -0.331555
-0.00640045   -0.14157   -0.342535
0.16909   -0.155228   -0.483867
0.350124   0.0185929   0.489684
0.164387   -0.00403145   -0.326383
0.345238   -0.160963   -0.325421
-0.487726   0.168131   0.494051
-0.33571   0.348957   -0.495369
0.487362   0.310447   -0.338402
-0.345639   0.147878   -0.336976
-0.159149   0.161684   -0.482851
0.0129053   0.31479   -0.492595
-0.187509   0.325586   -0.336774
-0.00349969   0.168038   -0.317259
0.19587   0.154811   -0.483504
0.339584   0.32122   -0.489363
0.179821   0.330326   -0.310832
0.327896   0.153671   -0.313161
0.498631   -0.496117   -0.172755
-0.333854   -0.34323   -0.178308
-0.495059   -0.336523   -0.0105458
-0.344386   0.493533   0.00243834
-0.181816   0.496933   -0.182203
0.00162901   -0.343051   -0.163732
-0.153209   -0.331083   -0.000126682
0.0035517   0.499598   0.0206272
0.151951   -0.499452   -0.159588
0.325853   -0.340068   -0.187607
0.177319   -0.330953   -0.00049256
0.327319   -0.482816   -0.00202091
-0.489706   -0.169858   -0.170941
-0.330326   -0.0298043   -0.152862
-0.495623   -0.00550175   0.0105363
-0.335294   -0.190833   0.0114505
-0.173736   -0.173684   -0.168922
-0.0130444   0.00914284   -0.164552
-0.153637   -0.00838216   0.0240402
0.0271615   -0.176131   -0.0146416
0.166015   -0.158457   -0.18935
0.335101   0.00286535   -0.160928
0.166365   0.0148319   -0.00989936
0.345412   -0.164574   -0.0257793
-0.482816   0.16214   -0.13702
-0.364213   0.343251   -0.195817
0.477686   0.344775   0.00939848
-0.324245   0.168768   0.0118756
-0.173166   0.168929   -0.157688
-0.0143069   0.343195   -0.166533
-0.19569   0.339501   -0.0271364
-0.00864266   0.187463   -0.01033
0.159513   0.18606   -0.153625
0.344444   0.322459   -0.170966
0.179418   0.337617   0.00991196
0.343061   0.16818   -0.00350027
0.478386   -0.490485   0.170677
-0.341195   -0.355588   0.170347
0.488855   -0.332207   0.338391
-0.305565   -0.491355   0.334076
-0.153425   -0.497355   0.167072
0.0250461   -0.343332   0.183638
-0.160132   -0.319159   0.328562
-0.00730994   0.473044   0.329492
0.180047   -0.492372   0.156255
0.322652   -0.3078   0.18882
0.168095   -0.348751   0.360761
0.326925   0.486199   0.33394
-0.486997   -0.197514   0.152032
-0.339061   0.00360348   0.162491
-0.490688   0.00660766   0.32447
-0.337561   -0.167558   0.321543
-0.168467   -0.169096   0.166744
0.0239444   0.00416169   0.150901
-0.177227   0.00421987   0.324641
0.0229225   -0.154459   0.306192
0.181494   -0.160613   0.140718
0.341948   -0.0332229   0.184917
0.170635   0.0284076   0.342337
0.310965   -0.169961   0.353002
0.478466   0.170096   0.163776
-0.35617   0.337227   0.158471
-0.498598   0.356696   0.340208
-0.332887   0.186369   0.326645
-0.165825   0.188991   0.139051
0.00385146   0.335728   0.163522
-0.175046   0.337139   0.353755
-0.0223141   0.156468   0.327751
0.185529   0.175903   0.161098
0.327894   0.329792   0.184748
0.162133   0.326169   0.32753
0.351161   0.176319   0.345096
