0.255977   0.033711   -0.299004
0.103513   -0.142617   0.00380259
0.415739   0.430652   0.364226
0.467387   0.425765   0.166673
0.165298   -0.125751   -0.389676
-0.427993   0.134605   -0.383037
-0.253151   -0.494507   -0.356827
-0.442315   0.344043   -0.00901761
-0.248113   -0.435446   0.457853
0.0531663   0.283564   -0.471904
0.458455   -0.230771   0.0878715
-0.152919   -0.0342085   0.405785
-0.474029   0.244493   0.189994
-0.360576   -0.123934   -0.274049
-0.26551   0.164827   0.293048
-0.0198822   0.26932   -0.049784
-0.339975   -0.150201   0.388652
-0.2193   -0.235005   -0.403228
0.141981   0.372725   0.0443376
0.238668   -0.381156   0.0158918
-0.156215   0.216773   0.120018
-0.37507   -0.125308   -0.0184601
0.257042   0.284403   0.402872
-0.204453   -0.154861   -0.163543
0.279131   0.278535   0.199324
0.42523   0.395793   -0.217224
-0.0534235   -0.445451   -0.312503
-0.13679   -0.0473133   -0.343367
0.197462   -0.4219   0.257388
-0.0941048   0.0367291   0.204184
0.148714   -0.330256   -0.483638
-0.361674   -0.263378   0.232617
0.0765595   0.482646   -0.46091
-0.433238   0.159616   0.000634735
-0.485614   -0.00706856   0.420548
0.359013   0.0929143   0.309268
-0.0109284   -0.182822   0.482648
-0.227037   -0.432709   0.223732
0.37797   0.342423   -0.422312
0.182583   0.0115741   0.172615
-0.0512665   -0.433308   0.400235
-0.168114   0.23537   -0.283211
-0.178494   0.394334   0.322891
-0.149063   0.0766983   -0.164232
0.384318   0.230925   -0.0858091
-0.0256345   0.0539432   -0.0122006
-0.0554552   0.413626   0.130343
-0.0267385   -0.21924   -0.122226
0.128831   -0.376157   -0.180305
0.261396   -0.494807   0.465192
-0.16122   0.41136   -0.19184
0.332946   0.131665   -0.492645
0.223084   0.484991   -0.328274
-0.386961   0.470633   0.300984
-0.178894   -0.490009   -0.031312
0.190295   0.0822945   -0.0420034
0.434271   -0.363436   0.243941
-0.412037   -0.325938   -0.342728
0.402016   0.17856   -0.287083
0.00582563   0.47953   -0.12874
-0.48045   0.221652   0.404513
0.191505   -0.246427   0.162283
-0.342934   -0.488542   -0.158649
-0.397993   -0.309882   -0.117791
-0.295537   0.362454   0.105648
0.0137047   -0.250562   -0.317782
-0.379352   0.324398   -0.23251
0.209005   0.235236   -0.370725
-0.14167   -0.123819   0.0530968
-0.448694   0.439283   -0.447382
-0.294397   0.284564   0.455329
0.190295   -0.144683   0.37378
-0.0108677   -0.221448   0.178262
0.199576   -0.186388   -0.177685
0.324956   -0.304023   0.391252
-0.204137   -0.358036   -0.185372
-0.323393   -0.0256028   -0.457918
0.139828   0.0610816   -0.498147
-0.268709   0.0564271   0.0604571
0.381207   -0.133627   0.264887
-0.169462   0.143566   -0.47053
0.0449368   -0.0331676   -0.212214
-0.23957   0.27917   -0.0650445
0.492381   -0.188131   -0.469069
-0.0312186   0.219611   0.33813
-0.420205   -0.32074   0.430045
0.232103   0.376111   -0.143819
0.446529   0.0317386   -0.140787
-0.445489   0.0443589   0.213338
0.384461   0.0833273   0.0716795
0.327537   -0.351055   -0.171907
0.321907   -0.0818965   -0.487822
-0.138224   0.376004   -0.445227
0.00162529   0.352251   -0.285757
-0.2342   -0.105797   0.226953
0.100867   0.433923   0.33427
-0.40584   -0.450927   0.0433017
0.410543   -0.376149   -0.434056
0.286439   -0.095406   -0.00471941
0.0968052   0.188551   0.112841
0.40589   -0.496755   -0.00716861
0.0746444   0.0475379   0.324191
-0.272105   -0.317438   0.0254422
-0.368566   0.116072   -0.194545
0.0127585   0.133057   -0.337012
0.0337647   -0.403772   0.0783725
0.121845   0.199931   -0.193456
0.436997   -0.177584   -0.177843
