0.305913   -0.988822   -1.16247
-0.720956   -1.4044   -0.398383
-0.650421   -0.494644   0.618345
0.039791   0.4556   -1.65806
-1.94648   1.01423   -0.85408
1.35144   -1.10385   0.383296
0.899717   -1.09191   0.291029
0.657993   1.5554   -0.374633
0.100227   0.235442   0.28178
1.12737   -0.358535   -2.06679
0.256638   -0.604205   -0.33493
0.251465   0.625857   -1.10055
0.046231   0.218366   0.148458
-0.418933   -0.415363   -1.35133
0.574965   -0.314496   0.312722
-0.0332384   1.59913   0.0882599
-0.342239   -0.316457   0.645948
0.343994   -1.58165   0.336215
-0.539786   -1.41595   1.12005
-0.897995   -0.361004   1.89758
1.44565   -0.485401   -0.329798
-0.938012   -0.0505893   -1.50214
-2.30788   0.218754   0.483235
-0.0785117   -0.873886   -1.33373
0.407601   -0.576425   -0.115362
-0.31585   0.068554   0.196081
-0.935174   0.80838   -0.446843
1.95134   -0.457302   0.864112
0.524228   -0.472082   0.571574
0.780878   0.407401   -0.317933
-0.36531   0.462306   0.553692
-0.602794   -0.474768   -0.673716
-0.429846   0.514472   -0.382416
1.27698   0.713352   -0.141761
-0.39539   0.247865   0.649567
-0.528421   0.43372   -0.874222
-1.31346   1.70205   0.0119028
0.66587   -2.04611   -0.663588
-1.69779   -1.81669   -1.10598
0.510471   0.302113   0.139375
-0.558853   -1.336   -0.905897
-1.61951   0.701266   -0.443629
0.823408   0.464498   -0.132387
-0.405604   0.796177   0.214351
0.0872995   0.45349   -0.026031
1.14468   -0.377077   1.51185
0.710459   0.444511   0.162001
-0.774984   0.996457   1.15042
-0.328651   -0.965809   1.0062
-1.36688   0.449879   -0.555703
-1.10689   0.956252   -0.275419
0.733607   -0.158301   2.41416
-0.0908701   0.490601   1.06865
1.62835   -1.20434   -0.972087
0.602238   0.849064   -0.836752
-0.0790073   0.132165   1.73517
0.337848   -0.899407   -1.21137
0.823736   0.682647   -0.793865
-0.132133   -1.11954   -0.326238
-0.469176   -1.62402   0.971262
0.23899   0.463593   -0.482533
-0.477256   0.812062   -0.630318
-0.270382   1.4593   0.229059
0.647726   -0.257181   -1.72153
1.19176   0.747767   -0.983447
-1.15558   0.226835   0.0111026
-0.265969   -0.018643   1.55591
0.701589   0.708134   1.57496
-0.316707   -1.14364   0.755314
-0.65331   -0.096487   -0.925417
0.811992   1.64919   -0.224146
-0.33752   -0.313059   0.45784
-0.0200598   0.305039   -0.124799
-0.177299   -0.239821   0.895157
-0.0217382   0.452   -0.828056
1.11027   0.851868   -0.765857
-0.382887   -0.191194   -0.361384
-0.597647   -0.0756214   0.272437
-1.46511   1.32488   0.311055
-0.0447312   0.582373   -0.00888496
1.70342   0.217276   1.15934
-0.515471   0.0988832   -0.292959
-0.369068   -0.340139   0.321961
0.43017   0.490991   0.337465
0.571974   0.123667   -0.598563
0.304431   0.787825   0.31587
1.19726   -0.280457   0.393993
-1.2884   0.852883   0.848774
-0.887318   -2.16067   0.122753
0.232081   0.00946795   0.519106
0.685385   -1.08431   -0.726686
-0.759766   1.17449   0.238081
-0.173375   0.458602   1.12699
0.931441   0.577173   0.528382
-0.301715   0.618587   -0.437025
0.288016   -0.70166   -0.977145
0.571266   -0.601607   0.419453
0.196933   0.489139   0.243546
0.031243   -0.0368883   0.356864
-0.0430933   -0.750262   1.03394
-0.628608   1.99609   0.551139
-0.102874   -0.8671   -0.606832
-1.32298   -1.49253   0.669266
1.1059   -0.293701   -0.83427
0.46474   -0.0951524   1.2113
1.34218   -0.931857   -0.791623
0.849077   0.160575   -1.22519
-1.04828   0.72235   0.926402
