-0.442256   -0.0340497   1.70376
1.53574   -0.427565   -0.279783
-0.562041   -0.134185   -1.63517
-0.787815   -2.8284   0.946196
1.09116   1.03452   0.0712761
1.68709   -0.51988   0.0646389
-1.35888   1.00124   0.937005
-1.30933   -1.23247   -0.657516
-0.189147   0.360605   0.457659
-0.277502   0.0368474   -0.0785705
0.131319   0.69246   0.53077
0.646643   -1.93384   1.05871
-0.525239   0.108997   -0.520689
1.22604   0.294377   2.20095
0.993115   -0.579228   -0.503551
0.830987   1.33724   -1.01664
-1.30072   0.0824024   -0.356703
0.303578   1.51489   -0.910684
1.02099   1.2492   0.318347
-0.806822   -0.625663   0.160813
-0.423411   0.240012   -1.07283
-1.01197   -0.295255   -1.65823
-1.40638   -0.244474   0.235838
-1.44969   -0.592879   -2.03847
1.94412   -0.120645   -0.540465
0.200939   -0.00404402   -0.24507
-0.936292   0.536238   0.316502
1.32183   -0.654521   0.781391
2.28923   -1.02294   0.0808024
-1.21763   0.400303   -0.204737
-0.536041   1.7589   -1.60051
0.380068   0.0636885   0.826104
0.0255352   -1.19058   -0.439958
-0.512859   -0.992243   -0.318858
-0.237573   1.74355   0.0248692
-0.293526   1.08444   0.493288
1.00127   -0.560032   -0.794253
-0.272348   0.61216   1.3031
-0.314674   -0.270834   -1.22975
-0.147333   -0.544447   0.421482
-1.07587   0.539741   0.203041
-0.0794368   0.525593   0.0412083
-0.0574392   1.17563   -0.604865
-0.00359313   -0.182454   -0.110698
0.857188   0.38404   0.373754
0.0494264   -0.820656   1.33768
-0.96271   1.1245   0.351961
-0.137961   1.06271   0.745018
-0.681761   1.02298   -0.104342
-0.316196   0.207796   -0.00688663
1.302   0.15743   -0.668316
0.577142   -0.087761   -1.78599
0.581946   0.753266   1.09376
-1.38514   0.247279   -0.439785
0.136641   -1.21126   -0.619788
-0.639733   -0.266664   -0.57061
-0.250385   -0.321969   -0.981276
0.747483   0.598255   0.0818664
0.114262   -1.11836   0.674896
0.202749   0.51751   -0.403816
-0.594971   0.919672   -0.71887
1.52005   -0.941867   -1.34284
0.101773   0.745148   0.0261453
1.32981   -0.353705   -1.74813
-1.41448   -1.28447   0.746454
-0.797462   0.212042   -0.381559
-0.451858   -0.10277   -0.694296
-0.577215   0.0374625   1.80361
2.34564   -0.554892   0.351081
0.137278   -1.12738   0.822029
-0.291496   -1.26679   -0.164219
2.19157   -0.568271   -0.0927947
0.891126   -0.026618   -0.541242
-0.347112   0.358236   -0.0879386
0.789181   -0.895056   -0.348669
0.219698   0.33363   -1.15555
0.849613   1.64427   0.43303
1.11034   -0.737206   0.8383
-0.725567   -1.67429   0.754589
0.803523   0.201289   0.50602
1.01613   0.386916   -0.891003
0.601379   -0.869815   0.627268
0.140241   -0.512289   -0.82921
0.663376   0.700547   0.272625
-1.79288   0.309088   1.14327
0.000608265   -0.0688094   0.302152
-1.77535   0.120375   2.45383
-0.943938   -1.22526   -0.0809525
-0.655492   0.611864   -0.917813
-0.040815   -0.39452   1.47756
0.860276   -0.270501   -0.276685
0.051126   -0.862783   1.26213
1.14026   0.556789   1.04633
0.297434   0.108009   0.0982566
0.827469   0.0379887   0.120519
-0.865967   0.709173   0.761381
0.219588   -0.932664   1.14582
-0.920865   -0.328025   0.111755
0.364247   -0.184964   -1.07317
-0.650557   -0.869714   -0.0819837
-0.185303   -0.278602   -1.97056
-1.96068   0.0725879   -0.660784
0.12827   1.61384   0.633793
-0.290069   -1.17279   -0.562226
0.275365   -0.630951   0.787013
-1.93944   1.02885   -0.247226
0.217734   2.36955   0.26343
-1.1604   1.40616   0.641429
