-0.768443   -1.12847   -0.267745
-0.174278   -0.723976   -1.47273
1.49757   -0.480764   -0.99386
0.412974   0.370416   -0.81151
0.591797   1.24939   -0.728209
-0.219447   0.0510762   1.24688
2.26671   -2.246   -0.58336
-0.353094   -0.141844   0.655393
-1.36257   0.861644   0.136285
1.23473   1.03749   1.83816
0.988927   1.13047   0.0370695
-2.70943   -0.720831   -0.814889
-0.384924   0.885938   -0.82343
0.829465   -0.705842   -0.923386
0.519153   0.0360273   1.0737
0.501861   0.521243   -1.75155
0.901055   1.06687   -0.0258887
1.37178   1.76443   -0.278916
-3.82654   -2.01027   -0.266292
-0.486401   0.0939963   1.43661
0.176597   0.660654   -0.163272
-1.21289   0.987105   0.959804
0.312891   -0.570321   -0.982678
1.83051   0.190176   -0.723871
0.192516   0.475845   -1.08119
1.50161   0.740757   1.04725
0.702958   -1.93551   -1.53462
0.767433   -1.42785   -2.13845
-0.915023   -0.338574   0.389903
-0.166666   0.358278   1.10207
-1.34956   0.278669   -0.198362
1.12487   0.0866605   0.436279
-0.664326   1.9084   1.02616
0.392832   -1.98274   -0.564856
-0.0170799   1.24466   -0.968934
1.65224   0.405544   -0.113437
-0.774158   1.54225   0.833891
-0.0630726   1.91583   -1.14357
-1.98176   -0.961291   0.926485
-0.0846628   0.389695   -0.945186
1.0071   0.874013   -0.709443
1.3474   1.4573   -0.44518
-0.722502   -0.516687   -1.28575
0.94267   -1.28155   0.574644
-1.05223   -0.458871   -0.0246267
-0.877786   0.573379   1.49709
-0.539863   -0.402437   0.149923
-1.42939   0.822074   -2.54479
1.27453   1.56393   -0.897423
-2.55134   -0.738734   1.04897
-0.839738   -0.424432   0.864516
-0.0308135   -2.42642   -0.817899
0.914104   -0.624327   1.63363
-0.446616   -0.207557   -0.1779
-0.467812   -0.774868   1.16608
0.792468   -0.448409   0.641369
1.80258   1.17428   -2.30207
-1.01014   -0.765463   1.37242
0.21309   -1.65131   2.79573
-1.36984   -0.282117   2.00721
-0.331439   0.293798   -0.541361
-0.240458   0.0887828   -0.336562
0.0304358   -2.03209   0.470232
-1.02719   0.386495   0.0018542
-0.917829   -0.318468   -0.326041
0.774521   -1.63279   0.0862822
-1.27638   -1.42559   1.78176
-1.39781   1.74658   -1.34704
0.620459   -1.24096   0.122579
-0.218462   0.684344   0.0519356
1.55458   -1.1663   1.0267
-0.446716   -0.281842   -0.733367
-1.79724   3.57554   0.859981
0.436561   -0.503638   0.065537
-1.74205   -1.80749   -0.222274
1.16948   -3.26977   -0.353765
-0.809468   0.659974   -0.292211
-0.649381   -0.0864904   0.104964
1.7436   -2.12087   0.296495
-0.111199   1.42823   0.339968
-1.33756   -0.336561   -0.843482
1.50096   -0.423372   -0.331369
-0.512442   -0.457211   -0.555452
1.31538   1.69023   0.527185
2.62479   1.27069   -0.302667
0.0349057   0.0248045   -0.609423
0.464356   -0.623601   0.401782
0.723533   0.376434   1.34818
1.44137   1.62937   0.192334
-1.2499   -2.01533   0.847858
-0.130013   -0.159273   -1.65669
-1.33332   -0.463748   0.508634
0.604605   1.36818   0.275588
-0.517676   -0.647197   -1.23927
0.350511   -0.517106   -0.527387
1.6758   2.25322   1.31637
-1.83974   0.271433   0.082163
0.783876   -1.2171   1.18108
1.68907   0.936161   -0.235444
-0.0206397   2.21469   1.71701
-3.0515   2.05625   -1.1707
-1.36413   0.975907   -1.00469
1.22257   0.686257   -0.0395646
0.300246   -0.118708   -0.326233
0.243181   -0.223604   0.217964
-0.711103   0.769049   0.952851
0.720699   -2.10946   1.33037
1.79614   -0.528903   -0.504911
