0.84905   1.70913   0.526748
-0.69499   0.618694   -1.23684
-0.491343   -0.458423   0.322395
0.501836   -2.25109   -0.772285
-1.61669   0.686718   -0.569276
1.46618   1.09828   -1.22904
1.46062   -0.882066   -0.981496
-0.601102   -1.09275   -1.18933
1.31386   -0.790953   -1.51548
1.43303   0.472152   -1.56779
-0.270961   0.516579   1.6394
0.977176   0.544395   -0.036279
-0.333868   -1.37273   -1.34436
0.166686   -1.9048   0.0270813
0.209279   -0.762909   -1.80782
0.870935   0.40063   0.593739
2.02533   0.411462   0.121729
0.527979   -0.0372319   -2.01015
-0.306852   0.0274849   -1.83128
-2.12158   -1.26621   0.638701
-0.727826   0.845912   0.0433448
0.53818   -0.085025   -0.05611
-0.649363   0.281633   -0.47158
-0.287232   0.940822   3.3536
-0.319741   0.0780478   -1.2508
0.255747   0.538656   1.31393
0.987031   2.75663   -0.00275036
0.489831   0.373578   1.33303
-0.566804   0.841918   0.561977
-0.00917502   0.16624   -0.787008
-0.823666   -1.07542   1.7154
-0.347351   0.139035   -0.128196
-1.2771   0.987179   -0.176467
-1.65687   -1.34184   2.90644
0.271627   -1.36327   0.909563
0.544208   0.0551503   0.498449
-1.7315   -0.744744   1.23528
0.128471   0.528188   1.65558
-0.783164   1.14267   1.45597
-0.39875   0.16893   -0.0410436
-1.02493   0.0933799   -2.93924
-0.902377   -0.219983   -0.969182
-0.695653   -0.367128   1.01512
-1.14578   -0.0678968   1.11951
-1.01727   -0.267624   -0.582115
1.63568   -0.815437   0.0868223
-0.663314   -0.754759   0.0873129
1.75767   1.4429   0.547428
1.54335   -0.142661   1.00446
1.56966   2.64829   1.25747
3.2379   -1.16065   -1.80111
0.109609   -0.239758   -0.393965
-0.418799   -0.307852   0.136919
0.651595   0.473046   0.143553
0.0768353   -0.0328362   0.618271
-1.104   0.751663   -1.43064
0.766221   -0.560035   -2.19045
0.646308   0.183538   0.915282
0.329564   1.88476   -0.747827
-0.887663   0.776777   0.117398
0.836987   -0.665824   -0.210411
-1.00439   -1.17081   1.06216
-2.1423   1.53077   -0.53315
1.6209   1.37947   0.406842
0.569655   1.52799   0.855907
0.884294   -1.60256   -0.0185611
2.02731   -1.37643   -2.24745
-0.714992   0.636376   0.670276
-0.922648   0.542185   1.05119
-0.17799   0.0486289   -0.657568
0.00795956   -0.153887   0.774308
-1.05854   1.15023   -0.121868
0.286604   -0.385878   -0.663226
0.110902   2.00183   0.431986
0.529789   0.420379   -0.647803
2.0466   -0.0576847   0.849112
0.549893   0.424735   0.335614
-0.978259   0.794869   0.760221
0.142941   -0.860983   0.38014
-2.02008   0.353628   2.41975
-1.23756   -0.589555   -0.460638
0.48014   -1.38422   -1.12774
-0.72984   1.4646   0.642617
1.01467   -0.360725   -0.311252
-1.30851   0.364858   3.17542
0.202565   -1.37226   -0.87228
-0.431976   1.38346   0.00635587
-0.36308   -1.11169   0.216759
-0.63455   -2.19792   -0.577095
-0.375339   0.763745   0.754441
3.18812   0.698789   0.190845
1.16551   -0.426394   -0.621432
-0.0433095   -0.823326   0.811786
0.157445   -1.26063   0.0693927
0.687671   0.431894   0.674575
1.48708   -1.76273   -0.0171365
-0.812461   -0.299975   -1.31354
-2.57467   1.16935   1.11256
-0.902372   -0.736763   -1.44717
-0.405677   0.913497   0.106431
-1.65452   -2.30771   0.38384
1.65527   1.7918   -0.892489
1.29259   -0.209319   0.325496
-0.0115127   -1.11184   -0.0882418
-0.293448   0.478805   -0.683366
-1.57211   -0.63521   -1.14625
-1.23964   0.00422732   -0.993031
-0.800898   -1.63019   -0.65838
