-nan   -nan   -nan
0.0367639   0.468091   -0.393253
0.34665   0.0907218   -0.173122
-nan   -nan   -nan
-0.439313   0.227796   -0.363483
-nan   -nan   -nan
-nan   -nan   -nan
-nan   -nan   -nan
0.498195   -0.337265   -0.185523
-nan   -nan   -nan
-nan   -nan   -nan
-nan   -nan   -nan
0.0849291   0.404372   -0.0121875
-nan   -nan   -nan
-0.0342502   0.220386   0.0579065
-nan   -nan   -nan
-nan   -nan   -nan
-nan   -nan   -nan
0.208032   0.366388   0.0943694
-0.300118   0.407875   -0.483212
-0.21198   -0.136774   0.283757
-nan   -nan   -nan
-nan   -nan   -nan
-nan   -nan   -nan
-nan   -nan   -nan
0.294492   -0.499237   0.228436
-0.0784535   -0.476504   0.220241
0.291405   0.295872   -0.469732
-0.211464   -0.121263   0.320656
-nan   -nan   -nan
-nan   -nan   -nan
-0.327421   0.120663   -0.218029
0.465642   0.110536   0.212638
-nan   -nan   -nan
-nan   -nan   -nan
-nan   -nan   -nan
-nan   -nan   -nan
0.344108   0.191019   -0.281021
0.0603902   -0.348247   0.479671
-nan   -nan   -nan
-nan   -nan   -nan
-nan   -nan   -nan
-nan   -nan   -nan
-nan   -nan   -nan
-nan   -nan   -nan
-nan   -nan   -nan
-nan   -nan   -nan
-0.221671   0.357025   -0.289804
-nan   -nan   -nan
-nan   -nan   -nan
-nan   -nan   -nan
-nan   -nan   -nan
-nan   -nan   -nan
-nan   -nan   -nan
-nan   -nan   -nan
-nan   -nan   -nan
-nan   -nan   -nan
-nan   -nan   -nan
-nan   -nan   -nan
0.420348   0.123501   -0.0440935
-0.42193   0.160742   -0.385679
-nan   -nan   -nan
-nan   -nan   -nan
-nan   -nan   -nan
0.402066   -0.35224   0.0923852
-nan   -nan   -nan
-nan   -nan   -nan
-nan   -nan   -nan
-nan   -nan   -nan
-0.329395   -0.301172   0.297635
-nan   -nan   -nan
0.368248   -0.384003   0.301388
0.15636   -0.288202   -0.208826
0.302627   0.0522743   -0.17404
-nan   -nan   -nan
-nan   -nan   -nan
-nan   -nan   -nan
-nan   -nan   -nan
-nan   -nan   -nan
0.214387   -0.302855   -0.0833544
0.32012   0.0250739   0.319935
-0.212584   0.477084   -0.225739
-nan   -nan   -nan
-nan   -nan   -nan
-nan   -nan   -nan
-nan   -nan   -nan
-0.0316733   0.0595124   -0.364159
-0.14774   0.464708   -0.471985
-nan   -nan   -nan
0.152606   0.0707774   -0.361226
-nan   -nan   -nan
-nan   -nan   -nan
-0.18538   -0.305922   -0.328247
-0.038834   0.312599   -0.33936
-nan   -nan   -nan
-nan   -nan   -nan
-nan   -nan   -nan
0.203456   -0.288612   0.0413297
0.0519991   -0.258528   -0.147039
-0.089326   -0.317866   -0.193358
-nan   -nan   -nan
-0.447881   0.432052   -0.404023
-nan   -nan   -nan
-0.224371   0.209069   0.283489
-nan   -nan   -nan
-0.350533   0.455355   0.0187319
-0.181529   0.324209   0.421079
-nan   -nan   -nan
