0.307914   0.389482   -0.0937884
-0.0536334   -0.235716   -0.49082
0.326985   -0.432476   0.388069
-0.410409   -0.0733711   -0.0652927
0.372211   -0.272056   -0.00891898
-0.125411   -0.033196   -0.291922
0.274686   0.447478   -0.427321
-0.0392438   0.210355   0.330452
-0.252207   0.348953   0.331046
0.122882   0.280719   -0.0731447
-0.267334   -0.0565499   -0.442782
0.210962   0.0785349   -0.427917
0.479659   0.453572   0.225686
-0.298755   0.326785   -0.362264
0.0820225   -0.143745   0.245919
-0.132744   -0.452005   0.478249
0.205812   0.359978   0.389198
0.190918   -0.134665   -0.399934
-0.0785579   0.168235   -0.121594
0.0904815   -0.471416   -0.173653
-0.384985   -0.229565   0.0781213
-0.371425   0.0140395   0.270712
0.396846   0.0476494   0.252226
0.252482   -0.343137   -0.439186
-0.186305   0.0709902   0.433833
0.426204   0.370686   0.413254
-0.186338   -0.495617   -0.324535
-0.064232   0.383186   -0.177873
0.413321   0.261445   0.254747
-0.223663   -0.220354   -0.0804486
0.184691   -0.118477   0.00638879
0.0537539   0.470704   0.0346776
-0.336886   -0.491042   0.493297
-0.339167   -0.162396   -0.277598
-0.0786367   0.357137   -0.459693
0.0954016   0.196469   0.471536
-0.407956   0.493497   -0.312702
-0.0665653   0.405362   0.231295
0.42465   0.304744   -0.238193
-0.0669171   -0.241686   0.0805901
-0.284126   0.259241   -0.162974
-0.258302   -0.283231   -0.403321
0.334147   -0.204431   -0.280254
-0.382245   0.219954   0.249609
0.0747099   0.0404865   -0.267308
0.230755   -0.131728   0.401828
-0.488846   -0.324239   -0.302526
0.217023   0.281129   -0.275722
0.240924   -0.0292896   -0.178612
-0.130613   0.361047   0.0122838
0.456661   -0.435184   -0.469638
0.406279   -0.0489563   0.0108225
-0.283424   0.467936   -0.0756347
0.329103   0.11907   -0.280796
0.0246876   -0.195018   -0.298874
0.477254   -0.180336   0.220703
-0.406139   -0.250764   0.47454
-0.262666   0.0371094   -0.154794
-0.383151   0.246076   0.484901
-0.0335503   0.217041   -0.329464
0.125153   -0.488659   0.239138
0.463651   -0.036539   -0.212642
0.120248   -0.278946   0.413871
0.105124   0.0514662   0.285845
0.0415676   0.00378648   0.449439
0.309297   0.402152   0.124468
0.437562   -0.460795   -0.169222
0.10419   -0.306084   0.134597
0.0863897   -0.264322   -0.0729887
0.0413242   -0.385398   -0.348674
-0.453774   -0.376192   0.328576
-0.107572   0.0235172   0.223905
-0.0378759   -0.101521   -0.104707
-0.329351   -0.422423   0.10721
0.232413   -0.434846   0.042729
-0.229418   -0.050612   0.0713564
0.409002   -0.221709   0.409407
-0.430346   0.0368801   0.464284
-0.318028   0.38435   0.13403
-0.48989   -0.224078   -0.137345
0.377345   0.0308497   0.472235
0.0684288   0.398788   -0.343459
-0.470826   0.335437   -0.0149781
0.100893   -0.487121   0.468341
0.338539   0.255357   -0.42991
0.363468   0.181452   -0.00929825
-0.252127   0.156962   0.0701747
0.258752   -0.396775   -0.229084
-0.0522305   -0.297346   0.272235
0.160281   0.246981   0.179482
0.110655   0.0847979   -0.0656178
0.483443   -0.110135   -0.421395
-0.462372   0.165716   -0.134756
-0.114507   -0.410547   -0.0616799
0.229682   0.0460891   0.110111
-0.2657   -0.45608   0.294232
-0.317092   -0.179335   0.287905
0.468698   -0.479455   0.0380321
0.000795356   -0.0193771   0.0773563
-0.11413   -0.111487   0.388649
-0.0342612   0.193106   0.0919039
-0.101146   -0.43232   0.132223
-0.354966   -0.380405   -0.17054
0.269125   -0.213361   0.207513
-0.388733   0.113171   -0.340962
-0.446576   0.13157   0.0623515
0.273145   0.168829   0.390404
0.372358   -0.384003   0.200187
