-0.461492   -0.483302   0.482384
-0.281198   -0.326013   0.461979
-0.470557   -0.288528   -0.336177
-0.310751   -0.454566   -0.347792
-0.121436   -0.471928   0.489044
0.0344259   -0.31088   0.479366
-0.119201   -0.307776   -0.348643
0.0493558   -0.484335   -0.328393
0.204382   -0.46604   0.492419
0.356779   -0.295309   -0.485454
0.208917   -0.316401   -0.330482
0.382121   -0.473603   -0.341697
-0.454055   -0.163209   0.489679
-0.268887   0.0361294   -0.497065
-0.472696   0.0285369   -0.340751
-0.29356   -0.142244   -0.342055
-0.122242   -0.145514   0.499438
0.0321354   0.0321656   0.486072
-0.113483   0.0131762   -0.345469
0.0303758   -0.15658   -0.338602
0.196878   -0.143186   0.491548
0.368337   0.0353346   0.498904
0.184973   0.00458348   -0.348647
0.366427   -0.131133   -0.336098
-0.442643   0.184645   0.490274
-0.298508   0.371534   0.494512
-0.442824   0.366306   -0.354351
-0.293355   0.187182   -0.338674
-0.136269   0.20227   0.486935
0.0196814   0.356587   0.484523
-0.140434   0.352751   -0.345168
0.0471671   0.188033   -0.331105
0.191503   0.172835   -0.490728
0.349419   0.360328   0.493249
0.21783   0.356198   -0.322071
0.361217   0.185624   -0.334199
-0.459639   -0.483559   -0.155246
-0.291168   -0.326446   -0.174898
-0.43904   -0.309624   0.00821952
-0.29586   -0.455858   -0.00128633
-0.134464   -0.490672   -0.199143
0.0408157   -0.30301   -0.171068
-0.13257   -0.321219   -0.0213791
0.0474214   -0.473419   -0.0236025
0.214033   -0.477753   -0.17144
0.372429   -0.309395   -0.169148
0.213398   -0.309471   -0.0076972
0.370947   -0.471196   -0.0138071
-0.470564   -0.143321   -0.1632
-0.305435   0.0318117   -0.172927
-0.457975   0.0223301   0.0177547
-0.291085   -0.140271   -0.00499917
-0.129619   -0.156802   -0.176429
0.0303845   0.0143234   -0.175317
-0.140824   0.0234358   0.0123274
0.0166156   -0.139808   -0.0191287
0.201085   -0.153761   -0.18062
0.378131   0.0194044   -0.165109
0.201741   -0.00159476   -0.00420531
0.371338   -0.125911   0.0153693
-0.466771   0.190082   -0.156761
-0.288949   0.353021   -0.167014
-0.464829   0.364291   -0.0140921
-0.299246   0.191564   -0.00974856
-0.125945   0.190648   -0.171355
0.0320002   0.337298   -0.161921
-0.135966   0.37341   0.00908113
0.019111   0.184157   0.00290732
0.2129   0.163558   -0.157257
0.388907   0.365605   -0.193584
0.205376   0.340573   -0.0023279
0.356923   0.182422   0.00893116
-0.471488   -0.465838   0.156723
-0.294876   -0.303758   0.184158
-0.482946   -0.31337   0.340913
-0.312656   -0.499545   0.312068
-0.106004   -0.481431   0.15869
0.0456303   -0.303467   0.14605
-0.120738   -0.329067   0.316988
0.035563   -0.478483   0.32403
0.190367   -0.482739   0.134009
0.363996   -0.302069   0.160767
0.205758   -0.295974   0.315222
0.348884   -0.468686   0.300085
-0.453585   -0.154655   0.167296
-0.294047   0.0205763   0.167083
-0.448313   0.00346084   0.336013
-0.27989   -0.147776   0.337936
-0.125076   -0.140125   0.15413
0.0173021   0.0367212   0.164671
-0.12632   0.0148518   0.33379
0.0175168   -0.155263   0.327471
0.18715   -0.133624   0.170732
0.3848   0.00561275   0.196081
0.188944   0.0297347   0.329496
0.381275   -0.140173   0.349728
-0.457358   0.171598   0.180101
-0.308276   0.360068   0.147337
-0.463513   0.341468   0.332496
-0.289008   0.1863   0.320077
-0.14225   0.198658   0.164821
0.0411367   0.359584   0.154087
-0.146157   0.370606   0.321235
0.0352899   0.20425   0.313045
0.200932   0.172343   0.154702
0.387231   0.345804   0.141983
0.203437   0.346599   0.33413
0.348807   0.198336   0.3324
