0.121967   0.211634   -0.224192
-0.364657   -0.230851   0.0876608
0.303858   0.392962   -0.278941
0.299735   -0.00747125   -0.185635
0.466293   0.415842   0.110023
-0.181594   0.0121703   -0.440571
0.49235   0.40779   -0.460237
0.446871   -0.0808035   0.168301
-0.126233   -0.34225   0.170376
-0.145297   0.330037   0.246633
-0.427861   -0.053427   -0.192728
-0.370749   -0.1917   -0.326234
-0.266895   -0.00785953   -0.425913
-0.312032   0.0340725   -0.34486
-0.072031   0.0848587   0.0952493
0.0382722   -0.115678   -0.242561
0.355768   0.225115   -0.473403
-0.287174   -0.148798   -0.354698
0.137256   0.236565   -0.0502319
0.14488   0.059706   -0.342399
-0.00490684   -0.398619   -0.151673
0.374771   0.172095   -0.346069
-0.434584   0.00438958   0.188218
-0.18743   -0.196181   0.472401
-0.0694575   -0.161115   -0.21472
-0.2454   0.093836   -0.312071
0.1028   -0.041746   -0.193311
0.0817894   -0.449823   0.141441
-0.152682   0.243258   0.206231
-0.221302   0.173765   0.118497
-0.454623   -0.273287   0.201344
-0.284085   -0.0911818   0.0877123
-0.342855   -0.0199604   0.446954
-0.442215   0.315842   -0.258854
0.146269   -0.262359   -0.395811
-0.0661887   0.347   0.427469
0.08607   0.415782   -0.363947
-0.366097   0.0515454   -0.131646
0.0665529   0.106297   0.411378
0.354638   -0.288901   -0.138123
-0.161843   0.194762   -0.135221
-0.279266   0.222298   -0.0981733
-0.22515   0.312991   0.177707
0.270213   -0.284432   0.147772
-0.379069   -0.382584   -0.182986
0.28218   -0.138845   -0.162506
0.40804   0.039699   0.0211452
-0.45629   0.0393467   0.283143
0.475976   0.439408   -0.079436
0.437498   -0.440148   -0.179319
0.28737   0.00675762   -0.369859
-0.1815   -0.173245   -0.278169
-0.213289   0.339151   0.0715078
0.335538   0.145361   0.448799
-0.0631284   0.368901   -0.263238
-0.029625   -0.355383   0.364145
0.141853   0.306415   0.495091
-0.0750375   -0.091381   -0.469004
0.350124   0.0826333   0.354815
0.214606   0.200239   0.162388
-0.290847   -0.433294   0.229957
-0.213331   0.312809   -0.159022
0.0698159   0.494702   0.483517
0.23389   -0.279184   0.432161
0.203179   -0.20289   0.0938819
0.285188   0.0653668   -0.13765
-0.388775   0.132716   -0.0632601
0.435697   0.373348   0.184304
-0.0243717   0.483442   0.326824
0.398837   -0.137361   -0.0329467
0.358007   -0.0588834   -0.0665501
0.295282   0.0255947   -0.495946
-0.295833   -0.220436   -0.258041
-0.014273   -0.337233   -0.288357
0.354068   0.300916   -0.216489
0.398032   -0.00744944   -0.386905
0.118133   -0.160802   -0.444843
-0.272506   0.106654   -0.0343762
0.229742   -0.45709   0.287181
-0.451228   -0.325652   0.135129
-0.223537   -0.354332   0.37682
0.0539172   0.373534   0.324552
-0.122716   0.124183   0.182185
-0.266354   -0.0239907   0.405015
0.0103117   -0.474931   -0.311176
0.0350007   0.489283   0.392896
-0.424236   -0.10041   -0.351257
-0.449288   -0.24414   0.0603381
-0.328736   -0.0404653   -0.292119
0.458451   0.0182754   -0.0500315
-0.0442125   -0.465267   0.470081
0.0431471   0.458532   0.295971
-0.0232118   0.162912   0.346528
0.256297   -0.0854582   -0.027048
0.34189   -0.449794   -0.143085
-0.382958   0.182472   0.284806
-0.492289   -0.045732   -0.395851
0.305109   0.267179   0.458671
0.405459   -0.27086   -0.232861
-0.111198   -0.266217   -0.213772
0.24369   -0.0769516   -0.28859
-0.0634811   -0.0291916   0.463882
0.260414   -0.433989   -0.191751
-0.0610097   -0.226518   0.44395
-0.21676   0.115689   -0.41822
-0.246013   -0.446506   0.321112
0.222748   0.144116   -0.342177
-0.047702   0.032073   0.0190084
