-0.244298   -0.468762   -0.320134
0.0906659   0.428569   0.417631
-0.0678992   -0.448458   -0.401739
-0.0744784   0.365655   -0.00588381
-0.207625   0.250941   -0.144816
-0.3894   0.0416594   0.173919
0.295002   0.16099   -0.0498288
0.278231   -0.108501   -0.254536
0.350505   0.407174   -0.0747463
-0.355896   0.275229   -0.00924235
0.113907   0.337504   -0.391371
-0.0526734   0.234889   0.124901
0.48899   0.14121   0.0246986
0.29133   0.419014   0.27818
0.27227   -0.424261   -0.284105
-0.275814   0.246532   -0.337525
-0.430019   0.0321837   -0.369948
0.412748   -0.0758911   0.224042
-0.069877   -0.0750901   -0.384106
-0.316529   -0.361805   0.494094
0.22168   -0.0189726   0.191654
-0.35789   0.421932   -0.453497
-0.0977513   -0.135884   0.403217
0.27133   -0.207302   0.0831142
0.0874537   -0.35015   -0.264797
0.156299   -0.468364   -0.0993832
0.308867   -0.430816   0.458252
-0.200996   0.135519   0.061913
0.0455876   0.236243   0.425552
0.122038   -0.417284   0.28956
0.123567   -0.446576   -0.443562
-0.0111781   -0.258121   0.219396
-0.175946   -0.28524   -0.0119204
0.178177   0.0970447   -0.196708
0.0601224   -0.260387   0.442362
0.436015   -0.236829   0.404271
0.288529   0.288376   0.435341
-0.366852   -0.15082   0.0962402
-0.360085   -0.370252   0.0334501
0.0155678   -0.336986   0.0269982
0.438955   -0.424487   -0.160548
0.146727   0.229148   0.0388418
0.224091   -0.281134   -0.0987775
-0.162101   0.000248085   0.207314
-0.159915   0.164851   0.339409
-0.322681   0.429518   0.119471
-0.376786   0.258332   0.434644
0.00181578   0.0448802   0.435944
-0.4516   0.473968   -0.0135686
-0.473448   -0.0139331   0.394907
-0.216206   0.29605   0.203823
0.167569   0.246849   0.250375
0.350782   -0.0402848   0.471522
-0.101634   0.193103   -0.429262
0.0697248   0.394884   0.164106
0.412285   0.143888   0.231521
-0.230267   0.0332996   -0.314125
0.37896   -0.0427116   -0.0130368
-0.315053   -0.20536   -0.088548
-0.327627   -0.121875   0.30064
-0.0769201   0.364421   -0.309327
0.377524   -0.404549   0.0841966
-0.370351   -0.368737   -0.20075
0.498536   -0.248482   0.190044
0.324639   -0.374917   0.268998
-0.439079   -0.0176523   -0.101832
-0.337172   0.446985   0.330808
0.446346   -0.202266   -0.344262
0.407011   0.0743466   -0.227801
0.0234027   0.0997648   -0.330744
0.0750349   -0.0929133   0.311882
0.239575   -0.201473   0.352523
-0.271901   0.107581   0.485587
0.264718   0.110009   -0.395165
0.159136   -0.0464679   -0.0235094
-0.116864   -0.278775   -0.197977
0.322082   0.385955   -0.383024
-0.299286   -0.111573   -0.472567
0.449434   0.145151   0.469955
-0.0957021   0.374191   0.44705
0.236522   0.468447   0.074744
-0.249764   -0.296605   0.221112
0.172384   0.34722   -0.171136
0.382687   0.265306   -0.199531
-0.263455   0.450587   -0.103304
-0.422416   0.253849   0.197854
-0.412265   0.168652   -0.165714
0.000951409   0.15101   -0.0541802
-0.141179   -0.0787309   -0.166602
0.23574   -0.24667   -0.438253
-0.0282113   -0.112171   0.0778453
-0.353245   -0.178234   -0.280268
-0.118137   -0.468806   0.135375
0.35016   0.289524   0.113889
0.499559   0.447471   0.185536
-0.0821719   -0.441075   0.350752
0.488329   -0.427149   -0.40424
0.233096   0.0876117   0.38082
-0.0256825   -0.470963   -0.163118
0.482821   -0.234771   -0.0386955
0.0490612   -0.178386   -0.185152
-0.157268   -0.273874   -0.430237
-0.474875   0.248431   -0.359722
-0.463627   -0.393964   0.32543
0.137766   -0.0524415   -0.45695
0.0230122   0.0795118   0.211703
0.473505   0.41613   0.443073
-0.419609   0.407997   -0.223589
