-nan   -nan   -nan
2.46905   -8.21264   7.42343
-0.505332   5.07759   -8.30815
-nan   -nan   -nan
-1.49047   7.56525   -7.67203
-nan   -nan   -nan
-nan   -nan   -nan
-nan   -nan   -nan
6.28106   1.17655   -4.67412
-nan   -nan   -nan
-nan   -nan   -nan
-nan   -nan   -nan
6.79997   4.15653   -7.09234
-nan   -nan   -nan
4.74395   -4.21103   -0.0238789
-nan   -nan   -nan
-nan   -nan   -nan
-nan   -nan   -nan
-5.36401   0.116566   8.18898
-2.89349   4.0278   2.29355
7.86785   -3.01836   -3.93687
-nan   -nan   -nan
-nan   -nan   -nan
-nan   -nan   -nan
-nan   -nan   -nan
-9.41657   3.10065   -8.09718
2.02744   -7.03654   0.211168
-4.27155   -0.803495   -3.97106
8.37666   -7.42307   -0.0866517
-nan   -nan   -nan
-nan   -nan   -nan
-8.29246   3.55452   1.35141
8.42315   -4.46475   7.57926
-nan   -nan   -nan
-nan   -nan   -nan
-nan   -nan   -nan
-nan   -nan   -nan
0.151892   -7.17386   -3.62676
2.57499   -3.34031   5.45351
-nan   -nan   -nan
-nan   -nan   -nan
-nan   -nan   -nan
-nan   -nan   -nan
-nan   -nan   -nan
-nan   -nan   -nan
-nan   -nan   -nan
-nan   -nan   -nan
6.55812   -0.00213461   -0.625606
-nan   -nan   -nan
-nan   -nan   -nan
-nan   -nan   -nan
-nan   -nan   -nan
-nan   -nan   -nan
-nan   -nan   -nan
-nan   -nan   -nan
-nan   -nan   -nan
-nan   -nan   -nan
-nan   -nan   -nan
-nan   -nan   -nan
-8.71922   -8.25039   7.37842
-1.62892   -6.8682   -2.23525
-nan   -nan   -nan
-nan   -nan   -nan
-nan   -nan   -nan
-8.86135   -6.17673   -3.53791
-nan   -nan   -nan
-nan   -nan   -nan
-nan   -nan   -nan
-nan   -nan   -nan
-4.76223   5.52071   9.39738
-nan   -nan   -nan
-9.38916   -7.91183   8.64987
2.76113   4.69564   4.33014
-5.61502   1.06004   -6.46359
-nan   -nan   -nan
-nan   -nan   -nan
-nan   -nan   -nan
-nan   -nan   -nan
-nan   -nan   -nan
-1.11057   -0.824602   -6.84916
6.20859   -5.98063   4.31029
9.44277   -2.257   -2.43472
-nan   -nan   -nan
-nan   -nan   -nan
-nan   -nan   -nan
-nan   -nan   -nan
-8.91485   -2.04062   1.75329
0.236459   -1.64373   -7.67389
-nan   -nan   -nan
2.3844   5.5568   2.57925
-nan   -nan   -nan
-nan   -nan   -nan
7.08212   -4.14274   1.20347
2.01481   1.24378   -4.93117
-nan   -nan   -nan
-nan   -nan   -nan
-nan   -nan   -nan
5.67326   1.52355   -8.23277
-0.435622   4.99039   -0.240099
-3.29676   -3.46643   -4.75914
-nan   -nan   -nan
1.13635   2.36396   5.60292
-nan   -nan   -nan
0.849601   -3.96819   0.152145
-nan   -nan   -nan
1.24301   2.89568   7.9114
7.26468   -6.56553   8.99091
-nan   -nan   -nan
