0.993072   -1.06062   1.1962
-1.35029   -1.9972   0.971553
2.10342   1.07305   0.0828914
0.31504   0.395201   0.0678866
0.058313   1.01735   -0.635911
-1.39713   0.287119   0.66061
-1.51143   -0.0586988   -0.0697056
0.332596   0.493385   -0.0422606
1.9546   -0.423055   -0.669274
0.532147   1.92309   2.01115
-0.30389   -0.25247   0.488563
0.546855   0.482553   0.397841
-0.955872   0.501794   0.248969
-0.948661   0.931418   0.618661
0.485253   -1.75674   -0.778359
0.0430031   -1.45662   0.877397
-2.32052   -0.921485   -0.375942
2.19412   0.156659   -1.18512
0.388483   0.409202   0.99232
-0.0339107   -0.304484   -0.484914
0.109145   -1.05469   -0.816666
1.75362   0.808572   -0.479651
1.26828   -0.616526   -1.34685
-1.65611   -0.781895   1.24187
-0.825884   -0.118187   0.147813
0.243277   -0.468317   -1.28485
-0.231942   1.52003   1.27545
-0.093054   1.15553   -1.36118
-0.58449   -0.745517   -1.46612
1.31855   -0.193648   -0.137731
-1.91917   -0.244869   -1.34421
-0.565171   1.06601   -0.128507
-0.998302   -0.151945   -1.09179
-0.197422   0.029607   0.772159
0.611099   -0.426218   -0.399265
1.18772   0.308121   -0.0672824
1.89329   1.27959   0.139381
-0.37506   -1.88424   -0.693718
-0.145606   -1.34865   -1.57342
1.73171   -1.76708   1.51568
-1.33728   0.233368   -0.46117
-1.34782   0.179786   1.30373
0.788635   -1.76193   2.42151
-0.235023   0.544001   -0.500177
-0.235635   0.772996   0.588428
0.243001   1.59903   -1.27253
-0.986142   0.173946   1.37057
2.17969   -0.285413   0.748565
-0.839956   0.0478176   0.0351817
0.327124   1.74585   -0.0571678
-0.500582   -0.0821949   -0.133607
-0.597767   0.626619   -1.13615
1.59539   -1.51909   1.5394
0.601081   -1.2302   -2.34901
0.66374   -0.586941   0.838424
-0.90504   -0.125689   -0.537446
-1.00548   1.33776   0.72666
0.57285   -1.2166   0.698399
1.2419   -1.05771   -0.778799
0.303296   1.63985   -0.274194
0.975226   -0.517966   0.50732
-1.06097   -0.954081   -0.281075
1.93422   1.3931   -1.29785
-0.569412   -0.54768   -1.01265
2.30511   -0.566563   0.32913
-0.927896   1.00798   -1.01587
-0.951401   -1.47134   0.347882
-2.63393   0.150636   -1.82517
-0.576055   -0.175144   1.7949
-0.0913004   -0.493381   0.436629
-2.93579   -0.0620613   -0.100689
-1.55741   0.722948   1.83021
0.663422   -0.0860071   -1.90109
-0.675358   -1.63974   0.539666
1.52983   -1.47368   2.06858
-0.57129   1.16531   -1.36418
-1.45162   -1.3626   0.869623
0.626601   -0.907373   -0.482222
-0.0772198   -0.47379   0.0616856
0.18583   0.729678   0.713442
1.29178   0.466285   -1.5098
0.0936568   0.452587   0.721319
-0.262153   -0.154252   -0.21739
-0.124161   1.15646   -1.27117
-0.290347   -1.99409   0.712391
-0.400579   0.62309   1.06425
1.36359   -1.49343   0.691091
-0.455061   1.27612   -0.742695
0.522686   0.660578   0.835278
-0.471537   -0.198609   -0.470299
-0.714555   -1.45626   0.351423
0.0379264   2.02346   -0.613842
1.02999   1.17757   -0.597337
-0.585078   0.950219   -1.86609
0.766781   0.242843   -1.6409
0.103262   2.06544   -0.0581451
-0.829184   -0.246899   1.05818
0.392317   1.74092   1.14313
-0.99384   0.032221   0.914323
2.37996   -1.91769   -1.62299
0.926084   0.388911   -0.0777734
0.163302   0.596071   1.70798
-1.30188   -0.843783   0.0977519
-0.774794   1.70201   -0.114205
1.46443   0.0800223   0.321425
0.0227233   0.333347   1.4045
-1.9877   1.34569   -0.548145
0.316082   -0.2875   0.0651605
