-0.46268   0.377519   -0.2133
-0.137926   -0.108429   0.325916
0.133974   0.359326   0.164269
-0.329244   0.226419   -0.187421
-0.161229   0.487059   0.18838
-0.0329881   0.401044   0.0450841
-0.384855   0.00363639   -0.489777
-0.323509   0.431337   0.470354
-0.0524246   -0.384347   -0.232314
0.173781   -0.13438   -0.32395
0.0128496   -0.0980842   0.00812724
-0.350116   -0.197643   -0.407451
-0.443279   -0.310759   0.0869294
-0.169315   -0.218081   -0.286863
0.398517   0.245441   -0.235615
-0.257586   0.321964   -0.387531
0.23435   0.05554   -0.347174
0.201401   -0.371628   0.369357
0.235126   0.456203   0.0073289
0.339307   -0.057732   -0.0316765
0.179357   0.0197651   0.0677384
-0.303033   0.324765   0.227697
-0.163919   0.166259   -0.29042
0.476494   0.39402   -0.40634
0.0201387   -0.0795761   -0.430697
0.409105   0.0344404   -0.441226
0.19733   -0.133088   -0.121263
0.396603   -0.235435   -0.087911
-0.193019   0.15431   0.197516
0.463224   -0.46868   0.116378
-0.124673   0.36808   0.463169
0.487878   0.326607   0.154984
0.34181   0.232471   -0.420776
-0.0159481   0.300133   -0.189067
0.106587   0.139398   0.387976
0.250108   -0.352239   0.168308
0.0626903   0.496928   -0.0927119
0.205749   -0.0196467   0.46094
0.4251   0.261712   -0.0340762
-0.156339   -0.359584   0.0496688
-0.0332502   0.0576949   -0.108535
-0.285762   0.409418   0.0472369
-0.275409   0.211435   0.445942
0.209261   0.448845   -0.283173
-0.00481784   0.460124   -0.359839
-0.0970702   0.0992196   0.376402
0.285663   0.435211   0.293545
0.362092   0.482364   -0.18476
0.292652   0.216734   0.146837
-0.164821   -0.178117   -0.0875782
-0.258696   -0.437781   -0.100349
-0.376414   -0.127872   -0.191163
0.220674   0.309695   -0.149039
0.316496   0.213647   0.369086
0.0225681   -0.201994   -0.21867
0.471057   0.371519   0.388434
-0.46866   0.0391531   -0.0418083
-0.380063   -0.490174   -0.320024
0.202025   -0.346009   -0.039375
-0.097022   -0.044819   -0.244875
-0.354564   -0.160493   0.0142692
-0.2946   0.0258928   0.325048
0.401186   -0.160301   -0.369784
-0.262184   0.0348764   -0.089682
-0.220838   0.395723   -0.204778
-0.176333   0.0097679   -0.451796
-0.336295   0.0434479   -0.288172
0.140375   -0.186781   0.173779
-0.0226636   0.196384   -0.455225
-0.0539045   0.286804   0.273399
-0.125147   -0.239642   0.48543
0.0446373   -0.345443   0.0986487
-0.238143   -0.390418   0.373104
0.267598   -0.320322   -0.245026
0.0811643   0.226221   -0.00475259
0.0511056   -0.445624   0.272378
-0.325953   -0.194693   0.391235
-0.0113101   -0.0172056   0.193656
-0.0642568   -0.453641   0.480882
-0.173201   0.220381   -0.0337398
0.0732468   -0.192603   0.380018
-0.211428   -0.391338   -0.361439
0.485266   -0.336068   -0.299603
0.402476   -0.379731   0.316291
-0.367452   0.171615   0.0762835
0.453749   0.0486145   -0.233189
0.328655   -0.361999   -0.425139
0.422463   0.00524168   0.340342
0.301641   0.441229   -0.489865
0.310149   -0.165677   0.372438
0.0751236   0.364416   0.418328
0.345691   -0.131338   0.179008
0.0449803   0.118307   -0.296642
0.418494   0.0659011   0.112915
-0.427653   -0.407537   0.460018
0.0269956   -0.314736   -0.392553
-0.455941   0.19912   -0.467026
0.157705   0.264046   -0.361002
-0.289691   -0.288538   0.198781
-0.381088   -0.486387   0.256516
-0.196504   -0.0592625   0.0684679
0.234939   0.0301961   0.27122
-0.456832   -0.382985   -0.11452
-0.443155   -0.0976543   0.182515
-0.0746064   -0.290272   0.242628
0.228783   0.103945   -0.14428
0.488425   -0.222735   0.434911
-0.451043   0.18798   0.294664
