0.492572   -0.496099   -0.49808
-0.317828   -0.327758   -0.482593
-0.494269   -0.336802   -0.328519
-0.336952   -0.492472   -0.328764
-0.17173   -0.484697   -0.482181
0.000499253   -0.337278   -0.498621
-0.161974   -0.318094   -0.326102
-0.0136814   0.495566   -0.332779
0.157391   -0.493319   0.494434
0.340209   -0.339823   0.491564
0.167786   -0.344683   -0.345172
0.334546   -0.484538   -0.314914
-0.489451   -0.172783   0.485197
-0.331845   -0.000815063   -0.498298
0.478543   -0.00717928   -0.324643
-0.326583   -0.172138   -0.327113
-0.14867   -0.170037   -0.498471
-0.00890391   0.0173373   -0.491667
-0.15427   0.00607986   -0.340698
0.0188839   -0.178935   -0.327424
0.167636   -0.173678   -0.492036
0.344614   -0.0138982   -0.483267
0.172633   0.0161431   -0.354519
0.330652   -0.185998   -0.331204
0.497259   0.152686   -0.478949
-0.32339   0.344791   -0.485515
0.483363   0.341554   -0.32927
-0.333068   0.172805   -0.337647
-0.164905   0.177218   -0.494892
0.0226614   0.330765   0.484031
-0.164202   0.337508   -0.33619
0.00536842   0.182151   -0.327782
0.191481   0.181191   0.488151
0.323029   0.353032   -0.480246
0.167505   0.346446   -0.327967
0.32418   0.175768   -0.336808
0.49653   -0.491061   -0.160153
-0.330128   -0.340546   -0.161684
-0.495333   -0.337803   0.028867
-0.333665   0.48945   -0.00892369
-0.150504   0.488638   -0.148766
-0.00721855   -0.348911   -0.178281
-0.160442   -0.33259   -0.000122498
0.0124721   -0.489632   -0.00452296
0.159075   -0.495856   -0.178174
0.316208   -0.336624   -0.160109
0.159413   -0.337373   -0.0038126
0.32221   -0.480058   0.00177619
-0.489714   -0.196278   -0.152355
-0.328202   -0.0034873   -0.184674
0.493276   -0.0101134   -0.0488076
-0.33656   -0.164099   0.020246
-0.15902   -0.169103   -0.15593
-0.00264979   0.0133403   -0.172876
-0.143365   0.013383   -0.00803328
0.0150247   -0.162459   0.00227246
0.166949   -0.181866   -0.16885
0.324906   -0.0132454   -0.171114
0.150742   0.00214345   -0.00437101
0.34113   -0.166198   -0.0084733
-0.496931   0.176197   -0.1829
-0.334639   0.335852   -0.18425
0.493682   0.326498   -0.0145024
-0.340946   0.151991   -0.0108945
-0.180965   0.160632   -0.170333
-0.00931338   0.337539   -0.162624
-0.189661   0.314473   -0.00973262
0.011751   0.183685   -0.0160323
0.173679   0.159548   -0.171507
0.324157   0.336834   -0.172614
0.160341   0.353007   -0.000980266
0.324003   0.149486   -0.0224983
-0.488393   0.494951   0.158445
-0.329205   -0.338663   0.188119
-0.491505   -0.34795   0.336803
-0.325365   0.498015   0.344944
-0.169992   0.499615   0.160769
0.00030557   -0.317893   0.151583
-0.167648   -0.343819   0.333351
-0.00639789   0.493991   0.313046
0.171838   0.489682   0.178934
0.324966   -0.332326   0.165338
0.143682   -0.32827   0.326757
0.330469   -0.470848   0.321774
0.488617   -0.170343   0.19072
-0.34205   0.00588385   0.163404
0.483819   -0.0135612   0.348879
-0.312698   -0.159555   0.358054
-0.179377   -0.170783   0.164179
0.00827343   0.00822216   0.162251
-0.159559   0.00613815   0.350912
-0.0106228   -0.170306   0.334539
0.143548   -0.162107   0.176413
0.320939   0.0069454   0.142839
0.158884   -0.0243832   0.357364
0.330611   -0.169387   0.336436
0.489251   0.164984   0.171205
-0.321429   0.336946   0.163567
0.488987   0.337074   0.339272
-0.326548   0.174854   0.355388
-0.162534   0.166224   0.158297
-0.00602028   0.324092   0.164062
-0.160733   0.324217   0.340329
0.0228765   0.178886   0.327975
0.166013   0.162961   0.150629
0.341061   0.337231   0.166089
0.18625   0.331617   0.328283
0.32432   0.142301   0.313662
