0.38952   -0.388777   -0.0513485
0.349185   0.0344501   0.198341
0.130562   0.382393   -0.441558
0.25744   -0.434225   0.175559
-0.229027   -0.157914   0.189742
-0.092005   0.053486   0.311658
0.440406   -0.470568   0.125453
-0.438658   -0.0201299   -0.497974
-0.253977   -0.00942242   0.228409
-0.0534871   0.148004   0.0832356
-0.365047   0.203548   -0.345898
0.162014   0.328934   -0.116608
-0.332445   0.420606   -0.0692827
-0.294874   0.363268   0.166056
-0.196593   0.092329   -0.0417712
-0.466435   0.0655781   0.473581
0.403652   -0.331704   -0.270281
-0.499213   0.127373   0.357441
-0.182926   0.498986   0.169018
-0.335908   0.442014   -0.406621
0.361755   0.128258   -0.0195591
0.116963   -0.302955   0.429873
-0.416092   0.401109   -0.153646
0.0666473   0.177132   -0.0991649
-0.379224   0.317062   0.147654
0.0966429   0.263037   0.449056
0.336158   -0.439358   -0.488329
-0.496631   0.221017   -0.333458
-0.381675   -0.482434   -0.143987
0.141233   0.337404   0.10849
0.136183   0.424962   0.0432046
-0.467171   0.279136   -0.0547531
-0.328261   -0.237872   0.162588
-0.300447   -0.182383   0.426495
-0.49251   -0.0171392   -0.240329
-0.276033   -0.171779   0.337952
0.215938   -0.459961   -0.223451
-0.0424777   -0.00794275   -0.172344
-0.423723   0.0635915   -0.0117083
-0.391563   0.00874504   0.0398486
-0.430803   0.211781   -0.0340358
-0.29975   0.378414   0.0794645
0.405737   -0.414619   -0.148944
0.449054   -0.409893   0.0390599
0.324914   0.489481   0.0561505
-0.204893   -0.00336022   0.29815
-0.328572   0.458726   0.360894
0.0221519   0.104961   -0.371295
0.0241474   -0.052939   0.300309
0.36782   0.49006   0.114038
0.230197   0.0985757   0.0357854
0.0869905   -0.34663   0.499552
-0.201016   0.0178967   -0.319046
-0.277857   0.113273   -0.190416
0.144198   0.0928364   0.0156904
0.118275   0.191332   0.135806
0.397968   0.324738   0.380345
-0.33622   0.348605   -0.307717
0.024747   -0.0068728   0.475543
0.492788   -0.150464   0.17703
0.150651   0.146008   -0.111096
0.32461   -0.191775   0.410394
0.34346   0.0911384   0.456575
-0.477231   0.45068   0.353422
0.16579   0.416539   0.47761
-0.305264   0.368527   -0.381419
-0.250995   -0.0734046   0.320638
0.250084   -0.0169087   0.283421
-0.31409   0.396922   -0.479488
-0.323235   -0.252639   -0.387375
-0.273174   0.178757   0.163871
0.113048   -0.15282   0.264402
-0.25105   0.490401   -0.186284
-0.0677972   0.277756   -0.101769
-0.282884   -0.0167504   -0.337831
0.190458   -0.413568   -0.113534
-0.313409   0.320649   -0.228409
-0.425922   0.494643   -0.24539
-0.457064   -0.481901   0.172122
-0.156998   -0.250951   0.0838418
-0.212949   0.0991053   -0.281703
0.187272   0.0562193   0.327171
0.0930388   0.243797   -0.371039
-0.342176   0.3086   -0.052508
0.460667   0.109192   0.210166
0.255531   0.228038   0.0465162
0.338972   0.478557   -0.131747
-0.295826   0.0772785   0.471704
-0.0205296   0.0958542   -0.225895
0.0323041   0.155609   -0.249714
-0.314715   0.333964   0.453726
0.183945   0.217981   0.219164
-0.19803   -0.0570902   -0.180029
-0.277756   0.451129   -0.319879
-0.0790019   -0.240423   -0.392347
0.0189488   0.0321062   -0.267297
-0.493588   0.4621   0.440109
0.401932   -0.224056   0.460407
-0.0432696   -0.361544   0.408356
-0.380973   0.363027   -0.212091
-0.32344   0.443531   0.0183208
-0.0974994   -0.134183   0.22016
0.298152   0.231317   0.320246
0.481523   -0.0187181   -0.312413
0.47693   0.241576   0.0398588
-0.008689   -0.14005   -0.360641
-0.467743   -0.318498   -0.183206
0.21021   0.480575   0.452914
