0.799847   -1.14608   -1.64058
1.41361   -0.767538   1.27388
1.12943   -0.326346   -0.460616
-0.069637   -0.319412   -1.03301
-0.490976   0.129044   -0.218044
0.115317   -0.846164   -0.177377
0.154402   -1.291   -1.3218
-0.456419   -0.469993   0.0490957
0.314368   -0.0238299   1.27822
-1.87624   -1.25818   -0.201326
-0.651168   0.0883089   -0.66552
1.17955   1.82301   1.17324
0.561473   1.45027   -1.58213
0.274611   -0.508731   0.44623
0.581629   0.031637   -1.50752
-0.91002   -1.28736   -0.250804
0.47804   -0.809178   0.69497
-0.750254   0.30891   -0.818669
1.86926   -0.497553   -1.15145
0.278857   -0.459285   -0.874839
-0.684178   -0.228653   -0.255301
0.499737   -0.133734   0.411641
-1.9944   2.48795   1.28769
-0.260473   0.211731   0.151283
-0.461803   0.548933   -1.41032
-0.95024   -0.0261716   0.803323
0.574891   -0.192227   1.61299
0.339901   -0.906434   -0.293048
0.119508   0.117155   1.84344
1.17608   0.517476   1.08233
-1.18457   0.57517   -0.0217458
-0.248454   -0.394353   0.38337
0.302733   0.821141   0.270877
0.743306   0.0223317   0.935287
-0.882809   -0.368114   -0.735141
-0.424634   -0.0184764   -0.895796
0.309705   -0.189888   0.770478
-0.658518   -1.94034   0.615633
-0.120353   1.04528   -0.93544
-0.12749   0.659173   -0.685763
-1.80932   -1.69088   -0.994493
0.100638   1.63812   1.56657
1.38052   -1.22165   1.06452
-0.937153   1.16167   -1.97691
-1.31924   -0.0567958   1.61844
-1.17603   0.72804   -1.27669
0.28719   -0.697011   -0.412566
-0.350045   0.503432   0.434612
-0.89321   0.0856682   0.483019
1.56195   -0.732019   0.752452
0.995582   -0.497474   0.600479
-0.406678   0.109986   -0.735436
0.614559   1.06325   -0.950345
1.53648   1.29516   0.125267
0.456226   0.102493   0.390566
-1.84272   -1.02526   1.33822
-0.966255   -1.00299   0.125079
-0.150256   1.52864   0.870116
0.405317   0.229041   -0.245189
-1.09458   0.714507   0.612291
1.45709   1.5759   1.5026
-0.188763   0.142854   -2.05604
0.19143   -0.793864   -0.0436349
-0.0552905   -0.457821   0.782325
0.0596211   1.22058   -0.730064
-0.692507   0.047403   1.10903
-0.935706   -2.57078   0.0625127
-0.346759   0.512715   0.618571
0.622578   -2.35661   2.01557
-0.451985   -0.531062   -0.429784
-0.639142   -0.349605   -0.496824
1.00543   1.01974   0.819203
0.588307   0.122901   0.0989607
-0.764194   0.494336   -2.25196
0.418566   -0.214148   -0.858812
-0.521429   -1.6564   -0.508471
0.107263   -0.460602   -0.0838039
1.1858   -0.0637835   1.19028
-1.254   0.827932   -0.336125
-0.714944   0.316363   0.107971
1.42715   1.42919   -1.31883
-0.819998   -0.827089   -0.353258
-0.686282   -0.0646001   1.10712
1.03395   1.58049   -0.269872
-0.162615   0.249856   -0.329026
0.116009   -0.141087   0.0620032
0.180686   0.274829   -0.726186
-1.50737   0.511001   0.428325
-0.368561   0.788068   0.41366
-2.09749   1.1163   0.00413941
2.20361   -1.09348   -0.987525
0.491325   -0.470123   -0.103279
0.626211   -0.868174   -1.14948
1.80673   -0.0999997   0.057128
1.33725   0.528665   -0.590623
-1.04312   -0.341277   0.747762
0.88922   -0.0548509   -0.184987
0.632055   -0.268313   0.106201
0.794707   0.168275   0.251848
-1.17744   -0.629196   -0.728047
-0.496247   -0.171956   1.12711
-0.12699   0.993987   1.0359
0.19094   0.194036   0.137496
0.941861   1.79906   -0.412622
0.154481   0.285035   0.189069
-0.0144111   0.154132   1.01674
0.821702   -0.110268   0.2806
-0.62531   -0.422941   -1.66065
