-1.51849   -1.10118   -0.237902
1.56366   -0.598848   1.36492
-1.12159   1.5185   -1.13329
0.521886   -1.41247   1.05491
2.25864   0.115857   -0.0738229
1.39036   1.09838   -0.843653
-0.491664   -0.209423   0.193852
-1.44322   -0.442974   -0.418047
-0.524928   -0.0879482   0.247128
1.53231   2.17144   -2.49569
0.373678   -0.221473   1.39247
2.21   -1.23426   0.499763
0.168696   0.283531   -1.93133
-0.125441   1.84528   -0.502803
0.210129   -0.195692   0.93656
-0.909122   1.2666   -0.0607728
0.622823   0.689173   0.0255195
-2.2079   -2.51047   -0.0107113
1.17104   0.234453   0.528315
1.47183   -0.545844   0.210572
0.508204   -2.01846   -1.02943
0.267782   1.3513   1.39133
-2.20003   -1.12458   -2.16462
-2.44681   0.780535   -0.31872
0.0761854   3.12992   -0.0544532
0.916397   0.531154   1.31472
-1.19968   1.17143   1.04791
-0.011167   -0.797954   0.349013
-1.61487   2.12426   -1.43978
1.1262   0.647857   -0.285069
1.60329   -0.230193   0.211493
-0.564181   -0.805702   0.463561
0.952607   -0.657226   -0.835832
-0.994382   -0.180061   -0.997586
0.0714029   -0.357642   1.98354
-0.740856   -0.261073   0.335485
-0.786642   1.90246   0.192442
0.621253   -0.472168   0.434638
-1.51842   -0.851202   0.0978175
-1.29244   1.51658   0.326541
-0.167898   -1.5284   -0.571001
-1.32779   0.8162   -1.79424
-1.09756   -0.702976   0.729066
-2.19815   -0.939684   -1.07363
1.3891   -0.382546   0.772227
0.0959967   -0.285921   -1.98406
-0.377111   0.782159   0.8711
1.28573   0.00789166   1.72669
-1.55908   -2.11352   1.5981
-2.22304   0.541806   -0.738803
0.5949   -0.681111   -0.49854
-0.386233   -0.0539271   0.844004
-2.39323   0.0236195   -0.864025
-0.0785509   -2.20961   0.899037
-0.11814   -0.153267   -1.28219
0.826184   -1.8656   -1.80099
2.13506   -2.5589   -0.258855
2.05221   -0.021252   -0.709506
1.1346   1.76956   -0.291016
1.26603   -0.662713   1.42218
1.22762   1.32192   0.0336231
-0.356489   -1.42684   0.314217
-0.266021   0.739238   0.158003
0.639055   -3.32398   -2.6665
1.94186   -0.644665   -1.53028
0.393383   0.230359   0.47796
1.47797   0.992177   -0.0335151
-0.493795   0.566668   0.313529
-1.19695   0.388863   2.58308
2.14495   0.738814   -1.7071
-0.59477   -1.61872   0.267567
1.56558   1.28624   2.02186
-1.11299   0.525766   1.52297
-1.78051   -0.394999   -1.29487
1.40156   -0.428815   1.59548
-0.34435   -0.65319   0.822522
0.385341   -0.499572   -0.539671
0.883698   -1.75133   -1.32671
0.996028   -0.390863   -0.13107
-1.9108   0.0862439   -0.235767
0.356435   -0.978414   0.580762
-0.256672   -2.18314   0.506774
-0.480754   0.80753   1.86468
1.27712   2.36364   0.840158
-1.22323   -0.158589   -0.342728
-1.40651   -0.406009   -0.275872
0.679875   -0.248208   0.581567
1.49994   1.4868   1.43516
-0.137995   1.07129   -1.1232
-1.33851   0.443561   1.27878
-1.93922   -0.188034   -2.04616
-0.223295   0.390666   -2.94438
-0.322371   -0.920828   -0.582592
0.654939   -1.40852   -1.39473
0.819036   1.07122   -0.667004
-0.0639871   1.01024   -0.638753
1.09218   -0.311821   -1.17428
-0.565655   -0.506759   0.715416
1.02276   3.02578   -0.460731
0.126994   1.04468   1.61002
0.931664   -0.871885   -0.531428
-0.194345   1.26532   1.36806
-0.365677   1.39746   -0.0224245
1.8409   0.856768   0.354157
-0.359169   -0.276413   0.247192
-1.67212   -1.2144   0.460901
-0.733955   -0.874134   0.814331
-0.798319   2.72523   2.13643
