-1.11358   -2.23184   -1.6896
1.24384   -1.79636   -0.808069
0.469422   0.765851   -1.09943
-0.533131   -0.495851   2.46757
-0.767242   -0.166032   1.85839
-0.695021   1.57729   0.275773
0.713079   -0.0678202   0.778663
1.32929   2.3749   -0.671357
0.413998   -1.50185   -0.649322
0.157499   -0.123519   -1.29265
0.00019648   0.29146   -0.639003
-2.27848   1.1631   0.056392
-0.745469   -0.535863   1.36209
1.86085   2.8824   0.159753
0.370631   0.220533   0.0504508
0.333258   -0.148759   -0.615926
2.02249   0.297271   -1.89758
-0.858845   -0.367091   0.369285
1.08314   -0.813546   2.32014
0.326888   -0.348052   -0.733784
-0.539994   -0.327409   0.856685
2.0066   1.3014   0.623272
-0.24855   -1.0044   -0.591106
0.135174   -1.20942   1.55082
-1.45189   -0.457522   -0.603991
0.807699   0.377659   -0.169931
-0.151353   -0.621381   -2.01163
0.344785   -1.60177   0.0682011
1.07702   0.31335   -0.0719963
-1.00325   1.29849   1.62669
-0.120357   0.0186916   1.47887
-1.62773   -0.322495   0.454474
-1.03473   1.79822   -0.524806
0.234668   0.666809   0.405779
-1.36525   -0.104915   -1.09121
-0.0245425   0.483967   0.402425
-1.41222   0.641724   -0.651653
-0.85795   0.29524   -0.0407403
0.0452576   3.95024   -0.228903
-0.685919   0.529669   1.06839
-1.62012   -0.882425   0.333289
0.572255   -0.199444   -0.910123
0.179542   1.45416   0.120593
-1.8939   0.371424   -0.385726
0.499609   0.385092   -0.189835
0.28864   0.3813   -0.48288
-0.0635742   -0.00410452   -1.55332
1.92505   -0.348542   0.727602
-1.42398   -0.782911   -0.33736
1.93321   -0.392777   -0.427035
0.0262513   -0.959322   0.19394
-1.92177   -1.42055   1.64303
1.99797   -1.5369   0.199136
-1.95567   1.43341   0.640209
-0.274261   1.48715   -0.141648
0.803537   0.556395   -1.04322
-0.0382691   1.83478   -1.37677
-0.879547   -0.504295   0.117949
0.361741   -1.3645   -1.26353
-0.102097   1.01954   -1.29985
0.519586   0.555066   0.379253
-0.254429   0.840619   0.687005
0.832498   -1.6885   0.0717086
0.719392   0.240445   0.63604
0.729486   1.27715   -0.370152
-1.08806   -0.334441   0.0408083
0.586609   -1.34768   0.932439
-0.410099   -1.15953   0.00695728
-0.615673   -0.692998   0.314318
0.619973   1.86417   -0.182198
0.330826   -0.775869   1.04113
0.238979   0.309792   -1.12108
1.90373   0.640798   -1.98057
-1.03116   -0.00537064   -1.48136
-0.543865   1.12736   -2.00872
-0.0296134   0.279132   0.442824
1.73369   -1.23817   -0.266061
1.94556   -0.281181   0.812558
-0.674799   -0.00531711   -0.0261952
1.00769   0.0712755   -0.0365155
-3.32434   -0.50858   0.230404
-1.01375   -0.836165   -0.249384
-0.66204   -1.25043   1.72634
0.537897   -1.59344   -0.684297
-0.748851   -1.0668   -0.130078
-0.757845   -1.39516   0.375719
-0.56621   -0.620929   0.0624256
0.367379   -0.380452   1.18879
0.570584   -0.679344   -0.371951
1.06894   -1.50524   1.57433
0.0118306   -0.697917   1.06481
2.06255   1.81429   0.727638
-0.740446   -1.00303   -0.592116
0.334785   0.378271   2.00466
-0.51155   -0.217686   0.45649
1.16147   1.14728   0.210074
0.0894651   -1.36207   -0.440112
-0.469688   0.317628   0.514501
0.252162   0.895189   0.479684
0.873258   0.513696   -0.328825
-1.04082   -0.784944   -0.708468
0.330889   -1.59344   -0.909155
-0.59072   1.27924   1.40413
-0.52143   1.32142   -2.59699
1.02332   -0.906747   1.74294
-0.624035   -2.09633   -0.0254365
-0.117554   2.25908   -0.423032
0.609493   1.36599   -0.911198
